[2023-11-30T15:05:12.987+0500] {manager.py:487} INFO - Processing files using up to 1 processes at a time 
[2023-11-30T15:05:12.988+0500] {manager.py:488} INFO - Process each file at most once every 30 seconds
[2023-11-30T15:05:12.988+0500] {manager.py:489} INFO - Checking for new files in /home/flow/MLops_3/airflow/dags every 300 seconds
[2023-11-30T15:05:12.989+0500] {manager.py:755} INFO - Searching for files in /home/flow/MLops_3/airflow/dags
[2023-11-30T15:05:12.996+0500] {manager.py:758} INFO - There are 1 files in /home/flow/MLops_3/airflow/dags
[2023-11-30T15:05:13.611+0500] {manager.py:887} INFO - 
================================================================================
DAG File Processing Stats

File Path                                            PID    Runtime      # DAGs    # Errors  Last Runtime    Last Run
---------------------------------------------------  -----  ---------  --------  ----------  --------------  -------------------
/home/flow/MLops_3/airflow/dags/regression_score.py                           1           0  0.45s           2023-11-30T10:05:13
================================================================================
[2023-11-30T15:05:45.111+0500] {manager.py:887} INFO - 
================================================================================
DAG File Processing Stats

File Path                                            PID    Runtime      # DAGs    # Errors  Last Runtime    Last Run
---------------------------------------------------  -----  ---------  --------  ----------  --------------  -------------------
/home/flow/MLops_3/airflow/dags/regression_score.py                           1           0  0.43s           2023-11-30T10:05:45
================================================================================
[2023-11-30T15:06:15.678+0500] {manager.py:887} INFO - 
================================================================================
DAG File Processing Stats

File Path                                            PID    Runtime      # DAGs    # Errors  Last Runtime    Last Run
---------------------------------------------------  -----  ---------  --------  ----------  --------------  -------------------
/home/flow/MLops_3/airflow/dags/regression_score.py                           1           0  0.21s           2023-11-30T10:06:15
================================================================================
[2023-11-30T15:06:48.387+0500] {manager.py:887} INFO - 
================================================================================
DAG File Processing Stats

File Path                                            PID    Runtime      # DAGs    # Errors  Last Runtime    Last Run
---------------------------------------------------  -----  ---------  --------  ----------  --------------  -------------------
/home/flow/MLops_3/airflow/dags/regression_score.py                           1           0  2.59s           2023-11-30T10:06:48
================================================================================
[2023-11-30T15:07:41.435+0500] {manager.py:887} INFO - 
================================================================================
DAG File Processing Stats

File Path                                            PID    Runtime      # DAGs    # Errors  Last Runtime    Last Run
---------------------------------------------------  -----  ---------  --------  ----------  --------------  -------------------
/home/flow/MLops_3/airflow/dags/regression_score.py                           1           0  21.71s          2023-11-30T10:07:41
================================================================================
[2023-11-30T15:08:24.831+0500] {manager.py:887} INFO - 
================================================================================
DAG File Processing Stats

File Path                                            PID    Runtime      # DAGs    # Errors  Last Runtime    Last Run
---------------------------------------------------  -----  ---------  --------  ----------  --------------  -------------------
/home/flow/MLops_3/airflow/dags/regression_score.py                           1           0  12.92s          2023-11-30T10:08:24
================================================================================
[2023-11-30T15:09:28.270+0500] {manager.py:887} INFO - 
================================================================================
DAG File Processing Stats

File Path                                            PID    Runtime      # DAGs    # Errors  Last Runtime    Last Run
---------------------------------------------------  -----  ---------  --------  ----------  --------------  -------------------
/home/flow/MLops_3/airflow/dags/regression_score.py                           1           0  32.78s          2023-11-30T10:09:28
================================================================================
[2023-11-30T15:09:59.821+0500] {manager.py:887} INFO - 
================================================================================
DAG File Processing Stats

File Path                                            PID    Runtime      # DAGs    # Errors  Last Runtime    Last Run
---------------------------------------------------  -----  ---------  --------  ----------  --------------  -------------------
/home/flow/MLops_3/airflow/dags/regression_score.py                           1           0  1.03s           2023-11-30T10:09:59
================================================================================
[2023-11-30T15:10:13.076+0500] {manager.py:755} INFO - Searching for files in /home/flow/MLops_3/airflow/dags
[2023-11-30T15:10:13.098+0500] {manager.py:758} INFO - There are 1 files in /home/flow/MLops_3/airflow/dags
[2023-11-30T15:10:31.181+0500] {manager.py:887} INFO - 
================================================================================
DAG File Processing Stats

File Path                                            PID    Runtime      # DAGs    # Errors  Last Runtime    Last Run
---------------------------------------------------  -----  ---------  --------  ----------  --------------  -------------------
/home/flow/MLops_3/airflow/dags/regression_score.py                           1           0  1.24s           2023-11-30T10:10:31
================================================================================
[2023-11-30T15:11:02.527+0500] {manager.py:887} INFO - 
================================================================================
DAG File Processing Stats

File Path                                            PID    Runtime      # DAGs    # Errors  Last Runtime    Last Run
---------------------------------------------------  -----  ---------  --------  ----------  --------------  -------------------
/home/flow/MLops_3/airflow/dags/regression_score.py                           1           0  1.19s           2023-11-30T10:11:02
================================================================================
[2023-11-30T15:11:33.922+0500] {manager.py:887} INFO - 
================================================================================
DAG File Processing Stats

File Path                                            PID    Runtime      # DAGs    # Errors  Last Runtime    Last Run
---------------------------------------------------  -----  ---------  --------  ----------  --------------  -------------------
/home/flow/MLops_3/airflow/dags/regression_score.py                           1           0  1.14s           2023-11-30T10:11:33
================================================================================
[2023-11-30T15:12:05.262+0500] {manager.py:887} INFO - 
================================================================================
DAG File Processing Stats

File Path                                            PID    Runtime      # DAGs    # Errors  Last Runtime    Last Run
---------------------------------------------------  -----  ---------  --------  ----------  --------------  -------------------
/home/flow/MLops_3/airflow/dags/regression_score.py                           1           0  1.20s           2023-11-30T10:12:05
================================================================================
[2023-11-30T15:12:35.972+0500] {manager.py:887} INFO - 
================================================================================
DAG File Processing Stats

File Path                                            PID    Runtime      # DAGs    # Errors  Last Runtime    Last Run
---------------------------------------------------  -----  ---------  --------  ----------  --------------  -------------------
/home/flow/MLops_3/airflow/dags/regression_score.py                           1           0  0.45s           2023-11-30T10:12:35
================================================================================
[2023-11-30T15:13:06.322+0500] {manager.py:887} INFO - 
================================================================================
DAG File Processing Stats

File Path                                            PID    Runtime      # DAGs    # Errors  Last Runtime    Last Run
---------------------------------------------------  -----  ---------  --------  ----------  --------------  -------------------
/home/flow/MLops_3/airflow/dags/regression_score.py                           1           0  0.22s           2023-11-30T10:13:06
================================================================================
[2023-11-30T15:23:40.395+0500] {manager.py:487} INFO - Processing files using up to 1 processes at a time 
[2023-11-30T15:23:40.442+0500] {manager.py:488} INFO - Process each file at most once every 30 seconds
[2023-11-30T15:23:40.442+0500] {manager.py:489} INFO - Checking for new files in /home/flow/MLops_3/airflow/dags every 300 seconds
[2023-11-30T15:23:40.442+0500] {manager.py:755} INFO - Searching for files in /home/flow/MLops_3/airflow/dags
[2023-11-30T15:23:40.540+0500] {manager.py:758} INFO - There are 1 files in /home/flow/MLops_3/airflow/dags
[2023-11-30T15:23:41.215+0500] {manager.py:887} INFO - 
================================================================================
DAG File Processing Stats

File Path                                            PID    Runtime      # DAGs    # Errors  Last Runtime    Last Run
---------------------------------------------------  -----  ---------  --------  ----------  --------------  -------------------
/home/flow/MLops_3/airflow/dags/regression_score.py                           1           0  0.31s           2023-11-30T10:23:41
================================================================================
[2023-11-30T15:24:31.299+0500] {manager.py:887} INFO - 
================================================================================
DAG File Processing Stats

File Path                                            PID    Runtime      # DAGs    # Errors  Last Runtime    Last Run
---------------------------------------------------  -----  ---------  --------  ----------  --------------  -------------------
/home/flow/MLops_3/airflow/dags/regression_score.py                           1           0  19.71s          2023-11-30T10:24:31
================================================================================
[2023-11-30T16:08:05.794+0500] {manager.py:487} INFO - Processing files using up to 1 processes at a time 
[2023-11-30T16:08:05.817+0500] {manager.py:488} INFO - Process each file at most once every 30 seconds
[2023-11-30T16:08:05.818+0500] {manager.py:489} INFO - Checking for new files in /home/flow/MLops_3/airflow/dags every 300 seconds
[2023-11-30T16:08:05.818+0500] {manager.py:755} INFO - Searching for files in /home/flow/MLops_3/airflow/dags
[2023-11-30T16:08:05.823+0500] {manager.py:758} INFO - There are 1 files in /home/flow/MLops_3/airflow/dags
[2023-11-30T16:08:06.156+0500] {manager.py:887} INFO - 
================================================================================
DAG File Processing Stats

File Path                                            PID    Runtime      # DAGs    # Errors  Last Runtime    Last Run
---------------------------------------------------  -----  ---------  --------  ----------  --------------  -------------------
/home/flow/MLops_3/airflow/dags/regression_score.py                           1           0  0.21s           2023-11-30T11:08:06
================================================================================
[2023-11-30T16:08:36.648+0500] {manager.py:887} INFO - 
================================================================================
DAG File Processing Stats

File Path                                            PID    Runtime      # DAGs    # Errors  Last Runtime    Last Run
---------------------------------------------------  -----  ---------  --------  ----------  --------------  -------------------
/home/flow/MLops_3/airflow/dags/regression_score.py                           1           0  0.44s           2023-11-30T11:08:36
================================================================================
[2023-11-30T16:09:08.424+0500] {manager.py:887} INFO - 
================================================================================
DAG File Processing Stats

File Path                                            PID    Runtime      # DAGs    # Errors  Last Runtime    Last Run
---------------------------------------------------  -----  ---------  --------  ----------  --------------  -------------------
/home/flow/MLops_3/airflow/dags/regression_score.py                           1           0  0.83s           2023-11-30T11:09:08
================================================================================
[2023-11-30T16:09:39.433+0500] {manager.py:887} INFO - 
================================================================================
DAG File Processing Stats

File Path                                            PID    Runtime      # DAGs    # Errors  Last Runtime    Last Run
---------------------------------------------------  -----  ---------  --------  ----------  --------------  -------------------
/home/flow/MLops_3/airflow/dags/regression_score.py                           1           0  0.62s           2023-11-30T11:09:39
================================================================================
[2023-11-30T16:10:10.847+0500] {manager.py:887} INFO - 
================================================================================
DAG File Processing Stats

File Path                                            PID    Runtime      # DAGs    # Errors  Last Runtime    Last Run
---------------------------------------------------  -----  ---------  --------  ----------  --------------  -------------------
/home/flow/MLops_3/airflow/dags/regression_score.py                           1           0  0.76s           2023-11-30T11:10:10
================================================================================
[2023-11-30T16:10:54.904+0500] {manager.py:887} INFO - 
================================================================================
DAG File Processing Stats

File Path                                            PID    Runtime      # DAGs    # Errors  Last Runtime    Last Run
---------------------------------------------------  -----  ---------  --------  ----------  --------------  -------------------
/home/flow/MLops_3/airflow/dags/regression_score.py                           1           0  13.14s          2023-11-30T11:10:54
================================================================================
[2023-11-30T16:11:45.623+0500] {manager.py:887} INFO - 
================================================================================
DAG File Processing Stats

File Path                                            PID    Runtime      # DAGs    # Errors  Last Runtime    Last Run
---------------------------------------------------  -----  ---------  --------  ----------  --------------  -------------------
/home/flow/MLops_3/airflow/dags/regression_score.py                           1           0  20.26s          2023-11-30T11:11:45
================================================================================
[2023-11-30T16:12:17.386+0500] {manager.py:887} INFO - 
================================================================================
DAG File Processing Stats

File Path                                            PID    Runtime      # DAGs    # Errors  Last Runtime    Last Run
---------------------------------------------------  -----  ---------  --------  ----------  --------------  -------------------
/home/flow/MLops_3/airflow/dags/regression_score.py                           1           0  1.07s           2023-11-30T11:12:17
================================================================================
[2023-11-30T16:12:57.804+0500] {manager.py:887} INFO - 
================================================================================
DAG File Processing Stats

File Path                                            PID    Runtime      # DAGs    # Errors  Last Runtime    Last Run
---------------------------------------------------  -----  ---------  --------  ----------  --------------  -------------------
/home/flow/MLops_3/airflow/dags/regression_score.py                           1           0  9.85s           2023-11-30T11:12:57
================================================================================
[2023-11-30T16:31:23.930+0500] {manager.py:487} INFO - Processing files using up to 1 processes at a time 
[2023-11-30T16:31:23.934+0500] {manager.py:488} INFO - Process each file at most once every 30 seconds
[2023-11-30T16:31:23.934+0500] {manager.py:489} INFO - Checking for new files in /home/flow/MLops_3/airflow/dags every 300 seconds
[2023-11-30T16:31:23.935+0500] {manager.py:755} INFO - Searching for files in /home/flow/MLops_3/airflow/dags
[2023-11-30T16:31:23.958+0500] {manager.py:758} INFO - There are 1 files in /home/flow/MLops_3/airflow/dags
[2023-11-30T16:31:25.629+0500] {manager.py:887} INFO - 
================================================================================
DAG File Processing Stats

File Path                                            PID    Runtime      # DAGs    # Errors  Last Runtime    Last Run
---------------------------------------------------  -----  ---------  --------  ----------  --------------  -------------------
/home/flow/MLops_3/airflow/dags/regression_score.py                           1           0  1.02s           2023-11-30T11:31:25
================================================================================
[2023-11-30T16:32:07.363+0500] {manager.py:887} INFO - 
================================================================================
DAG File Processing Stats

File Path                                            PID    Runtime      # DAGs    # Errors  Last Runtime    Last Run
---------------------------------------------------  -----  ---------  --------  ----------  --------------  -------------------
/home/flow/MLops_3/airflow/dags/regression_score.py                           1           0  1.64s           2023-11-30T11:32:07
================================================================================
[2023-11-30T16:32:52.504+0500] {manager.py:887} INFO - 
================================================================================
DAG File Processing Stats

File Path                                            PID    Runtime      # DAGs    # Errors  Last Runtime    Last Run
---------------------------------------------------  -----  ---------  --------  ----------  --------------  -------------------
/home/flow/MLops_3/airflow/dags/regression_score.py                           1           0  2.09s           2023-11-30T11:32:52
================================================================================
[2023-11-30T16:33:32.298+0500] {manager.py:887} INFO - 
================================================================================
DAG File Processing Stats

File Path                                            PID    Runtime      # DAGs    # Errors  Last Runtime    Last Run
---------------------------------------------------  -----  ---------  --------  ----------  --------------  -------------------
/home/flow/MLops_3/airflow/dags/regression_score.py                           1           0  2.14s           2023-11-30T11:33:32
================================================================================
[2023-11-30T16:37:16.000+0500] {manager.py:469} INFO - Exiting gracefully upon receiving signal 15
[2023-11-30T16:37:29.120+0500] {manager.py:487} INFO - Processing files using up to 1 processes at a time 
[2023-11-30T16:37:29.129+0500] {manager.py:488} INFO - Process each file at most once every 30 seconds
[2023-11-30T16:37:29.129+0500] {manager.py:489} INFO - Checking for new files in /home/flow/MLops_3/airflow/dags every 300 seconds
[2023-11-30T16:37:29.165+0500] {manager.py:755} INFO - Searching for files in /home/flow/MLops_3/airflow/dags
[2023-11-30T16:37:29.215+0500] {manager.py:758} INFO - There are 1 files in /home/flow/MLops_3/airflow/dags
[2023-11-30T16:37:34.688+0500] {manager.py:887} INFO - 
================================================================================
DAG File Processing Stats

File Path                                            PID    Runtime      # DAGs    # Errors  Last Runtime    Last Run
---------------------------------------------------  -----  ---------  --------  ----------  --------------  -------------------
/home/flow/MLops_3/airflow/dags/regression_score.py                           1           0  3.03s           2023-11-30T11:37:34
================================================================================
[2023-11-30T16:38:26.703+0500] {manager.py:887} INFO - 
================================================================================
DAG File Processing Stats

File Path                                            PID    Runtime      # DAGs    # Errors  Last Runtime    Last Run
---------------------------------------------------  -----  ---------  --------  ----------  --------------  -------------------
/home/flow/MLops_3/airflow/dags/regression_score.py                           1           0  2.96s           2023-11-30T11:38:26
================================================================================
[2023-11-30T16:51:44.637+0500] {manager.py:469} INFO - Exiting gracefully upon receiving signal 15
[2023-11-30T16:52:07.639+0500] {manager.py:487} INFO - Processing files using up to 1 processes at a time 
[2023-11-30T16:52:07.656+0500] {manager.py:488} INFO - Process each file at most once every 30 seconds
[2023-11-30T16:52:07.656+0500] {manager.py:489} INFO - Checking for new files in /home/flow/MLops_3/airflow/dags every 300 seconds
[2023-11-30T16:52:07.676+0500] {manager.py:755} INFO - Searching for files in /home/flow/MLops_3/airflow/dags
[2023-11-30T16:52:07.799+0500] {manager.py:758} INFO - There are 1 files in /home/flow/MLops_3/airflow/dags
[2023-11-30T16:52:14.170+0500] {manager.py:887} INFO - 
================================================================================
DAG File Processing Stats

File Path                                            PID    Runtime      # DAGs    # Errors  Last Runtime    Last Run
---------------------------------------------------  -----  ---------  --------  ----------  --------------  -------------------
/home/flow/MLops_3/airflow/dags/regression_score.py                           1           0  4.31s           2023-11-30T11:52:14
================================================================================
[2023-11-30T17:16:52.359+0500] {manager.py:487} INFO - Processing files using up to 1 processes at a time 
[2023-11-30T17:16:52.368+0500] {manager.py:488} INFO - Process each file at most once every 30 seconds
[2023-11-30T17:16:52.369+0500] {manager.py:489} INFO - Checking for new files in /home/flow/MLops_3/airflow/dags every 300 seconds
[2023-11-30T17:16:52.369+0500] {manager.py:755} INFO - Searching for files in /home/flow/MLops_3/airflow/dags
[2023-11-30T17:16:52.379+0500] {manager.py:758} INFO - There are 1 files in /home/flow/MLops_3/airflow/dags
[2023-11-30T17:16:54.652+0500] {manager.py:887} INFO - 
================================================================================
DAG File Processing Stats

File Path                                            PID    Runtime      # DAGs    # Errors  Last Runtime    Last Run
---------------------------------------------------  -----  ---------  --------  ----------  --------------  -------------------
/home/flow/MLops_3/airflow/dags/regression_score.py                           1           0  2.00s           2023-11-30T12:16:54
================================================================================
[2023-11-30T17:17:33.144+0500] {manager.py:887} INFO - 
================================================================================
DAG File Processing Stats

File Path                                            PID    Runtime      # DAGs    # Errors  Last Runtime    Last Run
---------------------------------------------------  -----  ---------  --------  ----------  --------------  -------------------
/home/flow/MLops_3/airflow/dags/regression_score.py                           1           0  0.43s           2023-11-30T12:17:33
================================================================================
[2023-11-30T17:18:44.780+0500] {manager.py:887} INFO - 
================================================================================
DAG File Processing Stats

File Path                                            PID    Runtime      # DAGs    # Errors  Last Runtime    Last Run
---------------------------------------------------  -----  ---------  --------  ----------  --------------  -------------------
/home/flow/MLops_3/airflow/dags/regression_score.py                           1           0  0.53s           2023-11-30T12:18:44
================================================================================
[2023-11-30T17:19:16.781+0500] {manager.py:887} INFO - 
================================================================================
DAG File Processing Stats

File Path                                            PID    Runtime      # DAGs    # Errors  Last Runtime    Last Run
---------------------------------------------------  -----  ---------  --------  ----------  --------------  -------------------
/home/flow/MLops_3/airflow/dags/regression_score.py                           1           0  1.18s           2023-11-30T12:19:16
================================================================================
[2023-11-30T17:19:47.367+0500] {manager.py:887} INFO - 
================================================================================
DAG File Processing Stats

File Path                                            PID    Runtime      # DAGs    # Errors  Last Runtime    Last Run
---------------------------------------------------  -----  ---------  --------  ----------  --------------  -------------------
/home/flow/MLops_3/airflow/dags/regression_score.py                           1           0  0.31s           2023-11-30T12:19:47
================================================================================
[2023-11-30T17:20:18.447+0500] {manager.py:887} INFO - 
================================================================================
DAG File Processing Stats

File Path                                            PID    Runtime      # DAGs    # Errors  Last Runtime    Last Run
---------------------------------------------------  -----  ---------  --------  ----------  --------------  -------------------
/home/flow/MLops_3/airflow/dags/regression_score.py                           1           0  0.21s           2023-11-30T12:20:18
================================================================================
[2023-11-30T17:20:48.761+0500] {manager.py:887} INFO - 
================================================================================
DAG File Processing Stats

File Path                                            PID    Runtime      # DAGs    # Errors  Last Runtime    Last Run
---------------------------------------------------  -----  ---------  --------  ----------  --------------  -------------------
/home/flow/MLops_3/airflow/dags/regression_score.py                           1           0  0.22s           2023-11-30T12:20:48
================================================================================
[2023-11-30T17:21:20.382+0500] {manager.py:887} INFO - 
================================================================================
DAG File Processing Stats

File Path                                            PID    Runtime      # DAGs    # Errors  Last Runtime    Last Run
---------------------------------------------------  -----  ---------  --------  ----------  --------------  -------------------
/home/flow/MLops_3/airflow/dags/regression_score.py                           1           0  0.54s           2023-11-30T12:21:20
================================================================================
[2023-11-30T17:21:50.749+0500] {manager.py:887} INFO - 
================================================================================
DAG File Processing Stats

File Path                                            PID    Runtime      # DAGs    # Errors  Last Runtime    Last Run
---------------------------------------------------  -----  ---------  --------  ----------  --------------  -------------------
/home/flow/MLops_3/airflow/dags/regression_score.py                           1           0  0.22s           2023-11-30T12:21:50
================================================================================
[2023-11-30T17:21:53.600+0500] {manager.py:755} INFO - Searching for files in /home/flow/MLops_3/airflow/dags
[2023-11-30T17:21:53.617+0500] {manager.py:758} INFO - There are 1 files in /home/flow/MLops_3/airflow/dags
[2023-11-30T17:22:21.717+0500] {manager.py:887} INFO - 
================================================================================
DAG File Processing Stats

File Path                                            PID    Runtime      # DAGs    # Errors  Last Runtime    Last Run
---------------------------------------------------  -----  ---------  --------  ----------  --------------  -------------------
/home/flow/MLops_3/airflow/dags/regression_score.py                           1           0  0.21s           2023-11-30T12:22:21
================================================================================
[2023-11-30T17:22:53.256+0500] {manager.py:887} INFO - 
================================================================================
DAG File Processing Stats

File Path                                            PID    Runtime      # DAGs    # Errors  Last Runtime    Last Run
---------------------------------------------------  -----  ---------  --------  ----------  --------------  -------------------
/home/flow/MLops_3/airflow/dags/regression_score.py                           1           0  0.90s           2023-11-30T12:22:53
================================================================================
[2023-11-30T17:23:24.254+0500] {manager.py:887} INFO - 
================================================================================
DAG File Processing Stats

File Path                                            PID    Runtime      # DAGs    # Errors  Last Runtime    Last Run
---------------------------------------------------  -----  ---------  --------  ----------  --------------  -------------------
/home/flow/MLops_3/airflow/dags/regression_score.py                           1           0  0.65s           2023-11-30T12:23:24
================================================================================
[2023-11-30T17:23:55.696+0500] {manager.py:887} INFO - 
================================================================================
DAG File Processing Stats

File Path                                            PID    Runtime      # DAGs    # Errors  Last Runtime    Last Run
---------------------------------------------------  -----  ---------  --------  ----------  --------------  -------------------
/home/flow/MLops_3/airflow/dags/regression_score.py                           1           0  0.32s           2023-11-30T12:23:55
================================================================================
[2023-11-30T17:24:26.376+0500] {manager.py:887} INFO - 
================================================================================
DAG File Processing Stats

File Path                                            PID    Runtime      # DAGs    # Errors  Last Runtime    Last Run
---------------------------------------------------  -----  ---------  --------  ----------  --------------  -------------------
/home/flow/MLops_3/airflow/dags/regression_score.py                           1           0  0.23s           2023-11-30T12:24:26
================================================================================
[2023-11-30T17:24:56.821+0500] {manager.py:887} INFO - 
================================================================================
DAG File Processing Stats

File Path                                            PID    Runtime      # DAGs    # Errors  Last Runtime    Last Run
---------------------------------------------------  -----  ---------  --------  ----------  --------------  -------------------
/home/flow/MLops_3/airflow/dags/regression_score.py                           1           0  0.22s           2023-11-30T12:24:56
================================================================================
[2023-11-30T17:25:27.872+0500] {manager.py:887} INFO - 
================================================================================
DAG File Processing Stats

File Path                                            PID    Runtime      # DAGs    # Errors  Last Runtime    Last Run
---------------------------------------------------  -----  ---------  --------  ----------  --------------  -------------------
/home/flow/MLops_3/airflow/dags/regression_score.py                           1           0  0.32s           2023-11-30T12:25:27
================================================================================
[2023-11-30T17:25:58.359+0500] {manager.py:887} INFO - 
================================================================================
DAG File Processing Stats

File Path                                            PID    Runtime      # DAGs    # Errors  Last Runtime    Last Run
---------------------------------------------------  -----  ---------  --------  ----------  --------------  -------------------
/home/flow/MLops_3/airflow/dags/regression_score.py                           1           0  0.34s           2023-11-30T12:25:58
================================================================================
[2023-11-30T17:26:28.743+0500] {manager.py:887} INFO - 
================================================================================
DAG File Processing Stats

File Path                                            PID    Runtime      # DAGs    # Errors  Last Runtime    Last Run
---------------------------------------------------  -----  ---------  --------  ----------  --------------  -------------------
/home/flow/MLops_3/airflow/dags/regression_score.py                           1           0  0.21s           2023-11-30T12:26:28
================================================================================
[2023-11-30T17:26:54.707+0500] {manager.py:755} INFO - Searching for files in /home/flow/MLops_3/airflow/dags
[2023-11-30T17:26:54.941+0500] {manager.py:758} INFO - There are 1 files in /home/flow/MLops_3/airflow/dags
[2023-11-30T17:27:01.554+0500] {manager.py:887} INFO - 
================================================================================
DAG File Processing Stats

File Path                                            PID    Runtime      # DAGs    # Errors  Last Runtime    Last Run
---------------------------------------------------  -----  ---------  --------  ----------  --------------  -------------------
/home/flow/MLops_3/airflow/dags/regression_score.py                           1           0  2.61s           2023-11-30T12:27:01
================================================================================
[2023-11-30T17:27:33.965+0500] {manager.py:887} INFO - 
================================================================================
DAG File Processing Stats

File Path                                            PID    Runtime      # DAGs    # Errors  Last Runtime    Last Run
---------------------------------------------------  -----  ---------  --------  ----------  --------------  -------------------
/home/flow/MLops_3/airflow/dags/regression_score.py                           1           0  2.17s           2023-11-30T12:27:33
================================================================================
[2023-11-30T17:28:04.584+0500] {manager.py:887} INFO - 
================================================================================
DAG File Processing Stats

File Path                                            PID    Runtime      # DAGs    # Errors  Last Runtime    Last Run
---------------------------------------------------  -----  ---------  --------  ----------  --------------  -------------------
/home/flow/MLops_3/airflow/dags/regression_score.py                           1           0  0.32s           2023-11-30T12:28:04
================================================================================
[2023-11-30T17:28:35.497+0500] {manager.py:887} INFO - 
================================================================================
DAG File Processing Stats

File Path                                            PID    Runtime      # DAGs    # Errors  Last Runtime    Last Run
---------------------------------------------------  -----  ---------  --------  ----------  --------------  -------------------
/home/flow/MLops_3/airflow/dags/regression_score.py                           1           0  0.74s           2023-11-30T12:28:35
================================================================================
[2023-11-30T17:29:05.969+0500] {manager.py:887} INFO - 
================================================================================
DAG File Processing Stats

File Path                                            PID    Runtime      # DAGs    # Errors  Last Runtime    Last Run
---------------------------------------------------  -----  ---------  --------  ----------  --------------  -------------------
/home/flow/MLops_3/airflow/dags/regression_score.py                           1           0  0.31s           2023-11-30T12:29:05
================================================================================
[2023-11-30T17:29:36.304+0500] {manager.py:887} INFO - 
================================================================================
DAG File Processing Stats

File Path                                            PID    Runtime      # DAGs    # Errors  Last Runtime    Last Run
---------------------------------------------------  -----  ---------  --------  ----------  --------------  -------------------
/home/flow/MLops_3/airflow/dags/regression_score.py                           1           0  0.21s           2023-11-30T12:29:36
================================================================================
[2023-11-30T17:30:08.243+0500] {manager.py:887} INFO - 
================================================================================
DAG File Processing Stats

File Path                                            PID    Runtime      # DAGs    # Errors  Last Runtime    Last Run
---------------------------------------------------  -----  ---------  --------  ----------  --------------  -------------------
/home/flow/MLops_3/airflow/dags/regression_score.py                           1           0  1.77s           2023-11-30T12:30:08
================================================================================
[2023-11-30T17:30:38.628+0500] {manager.py:887} INFO - 
================================================================================
DAG File Processing Stats

File Path                                            PID    Runtime      # DAGs    # Errors  Last Runtime    Last Run
---------------------------------------------------  -----  ---------  --------  ----------  --------------  -------------------
/home/flow/MLops_3/airflow/dags/regression_score.py                           1           0  0.22s           2023-11-30T12:30:38
================================================================================
[2023-11-30T17:31:08.946+0500] {manager.py:887} INFO - 
================================================================================
DAG File Processing Stats

File Path                                            PID    Runtime      # DAGs    # Errors  Last Runtime    Last Run
---------------------------------------------------  -----  ---------  --------  ----------  --------------  -------------------
/home/flow/MLops_3/airflow/dags/regression_score.py                           1           0  0.21s           2023-11-30T12:31:08
================================================================================
[2023-11-30T17:31:40.684+0500] {manager.py:887} INFO - 
================================================================================
DAG File Processing Stats

File Path                                            PID    Runtime      # DAGs    # Errors  Last Runtime    Last Run
---------------------------------------------------  -----  ---------  --------  ----------  --------------  -------------------
/home/flow/MLops_3/airflow/dags/regression_score.py                           1           0  1.62s           2023-11-30T12:31:40
================================================================================
[2023-11-30T17:31:55.029+0500] {manager.py:755} INFO - Searching for files in /home/flow/MLops_3/airflow/dags
[2023-11-30T17:31:55.038+0500] {manager.py:758} INFO - There are 1 files in /home/flow/MLops_3/airflow/dags
[2023-11-30T17:32:11.461+0500] {manager.py:887} INFO - 
================================================================================
DAG File Processing Stats

File Path                                            PID    Runtime      # DAGs    # Errors  Last Runtime    Last Run
---------------------------------------------------  -----  ---------  --------  ----------  --------------  -------------------
/home/flow/MLops_3/airflow/dags/regression_score.py                           1           0  0.52s           2023-11-30T12:32:11
================================================================================
[2023-11-30T17:32:44.127+0500] {manager.py:887} INFO - 
================================================================================
DAG File Processing Stats

File Path                                            PID    Runtime      # DAGs    # Errors  Last Runtime    Last Run
---------------------------------------------------  -----  ---------  --------  ----------  --------------  -------------------
/home/flow/MLops_3/airflow/dags/regression_score.py                           1           0  2.37s           2023-11-30T12:32:44
================================================================================
[2023-11-30T17:33:14.540+0500] {manager.py:887} INFO - 
================================================================================
DAG File Processing Stats

File Path                                            PID    Runtime      # DAGs    # Errors  Last Runtime    Last Run
---------------------------------------------------  -----  ---------  --------  ----------  --------------  -------------------
/home/flow/MLops_3/airflow/dags/regression_score.py                           1           0  0.22s           2023-11-30T12:33:14
================================================================================
[2023-11-30T17:33:45.203+0500] {manager.py:887} INFO - 
================================================================================
DAG File Processing Stats

File Path                                            PID    Runtime      # DAGs    # Errors  Last Runtime    Last Run
---------------------------------------------------  -----  ---------  --------  ----------  --------------  -------------------
/home/flow/MLops_3/airflow/dags/regression_score.py                           1           0  0.51s           2023-11-30T12:33:45
================================================================================
[2023-11-30T17:34:15.605+0500] {manager.py:887} INFO - 
================================================================================
DAG File Processing Stats

File Path                                            PID    Runtime      # DAGs    # Errors  Last Runtime    Last Run
---------------------------------------------------  -----  ---------  --------  ----------  --------------  -------------------
/home/flow/MLops_3/airflow/dags/regression_score.py                           1           0  0.21s           2023-11-30T12:34:15
================================================================================
[2023-11-30T17:34:45.916+0500] {manager.py:887} INFO - 
================================================================================
DAG File Processing Stats

File Path                                            PID    Runtime      # DAGs    # Errors  Last Runtime    Last Run
---------------------------------------------------  -----  ---------  --------  ----------  --------------  -------------------
/home/flow/MLops_3/airflow/dags/regression_score.py                           1           0  0.21s           2023-11-30T12:34:45
================================================================================
[2023-11-30T17:35:16.252+0500] {manager.py:887} INFO - 
================================================================================
DAG File Processing Stats

File Path                                            PID    Runtime      # DAGs    # Errors  Last Runtime    Last Run
---------------------------------------------------  -----  ---------  --------  ----------  --------------  -------------------
/home/flow/MLops_3/airflow/dags/regression_score.py                           1           0  0.20s           2023-11-30T12:35:16
================================================================================
[2023-11-30T17:35:46.586+0500] {manager.py:887} INFO - 
================================================================================
DAG File Processing Stats

File Path                                            PID    Runtime      # DAGs    # Errors  Last Runtime    Last Run
---------------------------------------------------  -----  ---------  --------  ----------  --------------  -------------------
/home/flow/MLops_3/airflow/dags/regression_score.py                           1           0  0.21s           2023-11-30T12:35:46
================================================================================
[2023-11-30T17:36:16.929+0500] {manager.py:887} INFO - 
================================================================================
DAG File Processing Stats

File Path                                            PID    Runtime      # DAGs    # Errors  Last Runtime    Last Run
---------------------------------------------------  -----  ---------  --------  ----------  --------------  -------------------
/home/flow/MLops_3/airflow/dags/regression_score.py                           1           0  0.21s           2023-11-30T12:36:16
================================================================================
[2023-11-30T17:36:47.390+0500] {manager.py:887} INFO - 
================================================================================
DAG File Processing Stats

File Path                                            PID    Runtime      # DAGs    # Errors  Last Runtime    Last Run
---------------------------------------------------  -----  ---------  --------  ----------  --------------  -------------------
/home/flow/MLops_3/airflow/dags/regression_score.py                           1           0  0.33s           2023-11-30T12:36:47
================================================================================
[2023-11-30T17:36:55.240+0500] {manager.py:755} INFO - Searching for files in /home/flow/MLops_3/airflow/dags
[2023-11-30T17:36:55.243+0500] {manager.py:758} INFO - There are 1 files in /home/flow/MLops_3/airflow/dags
[2023-11-30T17:37:17.724+0500] {manager.py:887} INFO - 
================================================================================
DAG File Processing Stats

File Path                                            PID    Runtime      # DAGs    # Errors  Last Runtime    Last Run
---------------------------------------------------  -----  ---------  --------  ----------  --------------  -------------------
/home/flow/MLops_3/airflow/dags/regression_score.py                           1           0  0.22s           2023-11-30T12:37:17
================================================================================
[2023-11-30T17:37:49.139+0500] {manager.py:887} INFO - 
================================================================================
DAG File Processing Stats

File Path                                            PID    Runtime      # DAGs    # Errors  Last Runtime    Last Run
---------------------------------------------------  -----  ---------  --------  ----------  --------------  -------------------
/home/flow/MLops_3/airflow/dags/regression_score.py                           1           0  1.23s           2023-11-30T12:37:49
================================================================================
[2023-11-30T17:38:19.677+0500] {manager.py:887} INFO - 
================================================================================
DAG File Processing Stats

File Path                                            PID    Runtime      # DAGs    # Errors  Last Runtime    Last Run
---------------------------------------------------  -----  ---------  --------  ----------  --------------  -------------------
/home/flow/MLops_3/airflow/dags/regression_score.py                           1           0  0.31s           2023-11-30T12:38:19
================================================================================
[2023-11-30T17:38:50.011+0500] {manager.py:887} INFO - 
================================================================================
DAG File Processing Stats

File Path                                            PID    Runtime      # DAGs    # Errors  Last Runtime    Last Run
---------------------------------------------------  -----  ---------  --------  ----------  --------------  -------------------
/home/flow/MLops_3/airflow/dags/regression_score.py                           1           0  0.21s           2023-11-30T12:38:50
================================================================================
[2023-11-30T17:39:20.353+0500] {manager.py:887} INFO - 
================================================================================
DAG File Processing Stats

File Path                                            PID    Runtime      # DAGs    # Errors  Last Runtime    Last Run
---------------------------------------------------  -----  ---------  --------  ----------  --------------  -------------------
/home/flow/MLops_3/airflow/dags/regression_score.py                           1           0  0.21s           2023-11-30T12:39:20
================================================================================
[2023-11-30T17:39:50.697+0500] {manager.py:887} INFO - 
================================================================================
DAG File Processing Stats

File Path                                            PID    Runtime      # DAGs    # Errors  Last Runtime    Last Run
---------------------------------------------------  -----  ---------  --------  ----------  --------------  -------------------
/home/flow/MLops_3/airflow/dags/regression_score.py                           1           0  0.21s           2023-11-30T12:39:50
================================================================================
[2023-11-30T17:40:21.037+0500] {manager.py:887} INFO - 
================================================================================
DAG File Processing Stats

File Path                                            PID    Runtime      # DAGs    # Errors  Last Runtime    Last Run
---------------------------------------------------  -----  ---------  --------  ----------  --------------  -------------------
/home/flow/MLops_3/airflow/dags/regression_score.py                           1           0  0.21s           2023-11-30T12:40:21
================================================================================
[2023-11-30T17:40:51.381+0500] {manager.py:887} INFO - 
================================================================================
DAG File Processing Stats

File Path                                            PID    Runtime      # DAGs    # Errors  Last Runtime    Last Run
---------------------------------------------------  -----  ---------  --------  ----------  --------------  -------------------
/home/flow/MLops_3/airflow/dags/regression_score.py                           1           0  0.21s           2023-11-30T12:40:51
================================================================================
[2023-11-30T17:41:21.716+0500] {manager.py:887} INFO - 
================================================================================
DAG File Processing Stats

File Path                                            PID    Runtime      # DAGs    # Errors  Last Runtime    Last Run
---------------------------------------------------  -----  ---------  --------  ----------  --------------  -------------------
/home/flow/MLops_3/airflow/dags/regression_score.py                           1           0  0.21s           2023-11-30T12:41:21
================================================================================
[2023-11-30T17:41:52.051+0500] {manager.py:887} INFO - 
================================================================================
DAG File Processing Stats

File Path                                            PID    Runtime      # DAGs    # Errors  Last Runtime    Last Run
---------------------------------------------------  -----  ---------  --------  ----------  --------------  -------------------
/home/flow/MLops_3/airflow/dags/regression_score.py                           1           0  0.21s           2023-11-30T12:41:52
================================================================================
[2023-11-30T17:41:55.539+0500] {manager.py:755} INFO - Searching for files in /home/flow/MLops_3/airflow/dags
[2023-11-30T17:41:55.543+0500] {manager.py:758} INFO - There are 1 files in /home/flow/MLops_3/airflow/dags
[2023-11-30T17:42:22.386+0500] {manager.py:887} INFO - 
================================================================================
DAG File Processing Stats

File Path                                            PID    Runtime      # DAGs    # Errors  Last Runtime    Last Run
---------------------------------------------------  -----  ---------  --------  ----------  --------------  -------------------
/home/flow/MLops_3/airflow/dags/regression_score.py                           1           0  0.21s           2023-11-30T12:42:22
================================================================================
[2023-11-30T17:42:52.721+0500] {manager.py:887} INFO - 
================================================================================
DAG File Processing Stats

File Path                                            PID    Runtime      # DAGs    # Errors  Last Runtime    Last Run
---------------------------------------------------  -----  ---------  --------  ----------  --------------  -------------------
/home/flow/MLops_3/airflow/dags/regression_score.py                           1           0  0.21s           2023-11-30T12:42:52
================================================================================
[2023-11-30T17:43:23.027+0500] {manager.py:887} INFO - 
================================================================================
DAG File Processing Stats

File Path                                            PID    Runtime      # DAGs    # Errors  Last Runtime    Last Run
---------------------------------------------------  -----  ---------  --------  ----------  --------------  -------------------
/home/flow/MLops_3/airflow/dags/regression_score.py                           1           0  0.21s           2023-11-30T12:43:23
================================================================================
[2023-11-30T17:43:53.382+0500] {manager.py:887} INFO - 
================================================================================
DAG File Processing Stats

File Path                                            PID    Runtime      # DAGs    # Errors  Last Runtime    Last Run
---------------------------------------------------  -----  ---------  --------  ----------  --------------  -------------------
/home/flow/MLops_3/airflow/dags/regression_score.py                           1           0  0.21s           2023-11-30T12:43:53
================================================================================
[2023-11-30T17:44:23.624+0500] {manager.py:887} INFO - 
================================================================================
DAG File Processing Stats

File Path                                            PID    Runtime      # DAGs    # Errors  Last Runtime    Last Run
---------------------------------------------------  -----  ---------  --------  ----------  --------------  -------------------
/home/flow/MLops_3/airflow/dags/regression_score.py                           1           0  0.21s           2023-11-30T12:44:23
================================================================================
[2023-11-30T17:44:53.928+0500] {manager.py:887} INFO - 
================================================================================
DAG File Processing Stats

File Path                                            PID    Runtime      # DAGs    # Errors  Last Runtime    Last Run
---------------------------------------------------  -----  ---------  --------  ----------  --------------  -------------------
/home/flow/MLops_3/airflow/dags/regression_score.py                           1           0  0.21s           2023-11-30T12:44:53
================================================================================
[2023-11-30T17:45:24.254+0500] {manager.py:887} INFO - 
================================================================================
DAG File Processing Stats

File Path                                            PID    Runtime      # DAGs    # Errors  Last Runtime    Last Run
---------------------------------------------------  -----  ---------  --------  ----------  --------------  -------------------
/home/flow/MLops_3/airflow/dags/regression_score.py                           1           0  0.21s           2023-11-30T12:45:24
================================================================================
[2023-11-30T17:45:54.601+0500] {manager.py:887} INFO - 
================================================================================
DAG File Processing Stats

File Path                                            PID    Runtime      # DAGs    # Errors  Last Runtime    Last Run
---------------------------------------------------  -----  ---------  --------  ----------  --------------  -------------------
/home/flow/MLops_3/airflow/dags/regression_score.py                           1           0  0.21s           2023-11-30T12:45:54
================================================================================
[2023-11-30T17:46:24.946+0500] {manager.py:887} INFO - 
================================================================================
DAG File Processing Stats

File Path                                            PID    Runtime      # DAGs    # Errors  Last Runtime    Last Run
---------------------------------------------------  -----  ---------  --------  ----------  --------------  -------------------
/home/flow/MLops_3/airflow/dags/regression_score.py                           1           0  0.21s           2023-11-30T12:46:24
================================================================================
[2023-11-30T17:46:55.335+0500] {manager.py:887} INFO - 
================================================================================
DAG File Processing Stats

File Path                                            PID    Runtime      # DAGs    # Errors  Last Runtime    Last Run
---------------------------------------------------  -----  ---------  --------  ----------  --------------  -------------------
/home/flow/MLops_3/airflow/dags/regression_score.py                           1           0  0.21s           2023-11-30T12:46:55
================================================================================
[2023-11-30T17:46:55.882+0500] {manager.py:755} INFO - Searching for files in /home/flow/MLops_3/airflow/dags
[2023-11-30T17:46:55.883+0500] {manager.py:758} INFO - There are 1 files in /home/flow/MLops_3/airflow/dags
[2023-11-30T17:47:25.786+0500] {manager.py:887} INFO - 
================================================================================
DAG File Processing Stats

File Path                                            PID    Runtime      # DAGs    # Errors  Last Runtime    Last Run
---------------------------------------------------  -----  ---------  --------  ----------  --------------  -------------------
/home/flow/MLops_3/airflow/dags/regression_score.py                           1           0  0.31s           2023-11-30T12:47:25
================================================================================
[2023-11-30T17:47:56.444+0500] {manager.py:887} INFO - 
================================================================================
DAG File Processing Stats

File Path                                            PID    Runtime      # DAGs    # Errors  Last Runtime    Last Run
---------------------------------------------------  -----  ---------  --------  ----------  --------------  -------------------
/home/flow/MLops_3/airflow/dags/regression_score.py                           1           0  0.51s           2023-11-30T12:47:56
================================================================================
[2023-11-30T17:48:26.816+0500] {manager.py:887} INFO - 
================================================================================
DAG File Processing Stats

File Path                                            PID    Runtime      # DAGs    # Errors  Last Runtime    Last Run
---------------------------------------------------  -----  ---------  --------  ----------  --------------  -------------------
/home/flow/MLops_3/airflow/dags/regression_score.py                           1           0  0.22s           2023-11-30T12:48:26
================================================================================
[2023-11-30T17:48:57.540+0500] {manager.py:887} INFO - 
================================================================================
DAG File Processing Stats

File Path                                            PID    Runtime      # DAGs    # Errors  Last Runtime    Last Run
---------------------------------------------------  -----  ---------  --------  ----------  --------------  -------------------
/home/flow/MLops_3/airflow/dags/regression_score.py                           1           0  0.55s           2023-11-30T12:48:57
================================================================================
[2023-11-30T17:49:29.081+0500] {manager.py:887} INFO - 
================================================================================
DAG File Processing Stats

File Path                                            PID    Runtime      # DAGs    # Errors  Last Runtime    Last Run
---------------------------------------------------  -----  ---------  --------  ----------  --------------  -------------------
/home/flow/MLops_3/airflow/dags/regression_score.py                           1           0  1.28s           2023-11-30T12:49:29
================================================================================
[2023-11-30T17:50:00.283+0500] {manager.py:887} INFO - 
================================================================================
DAG File Processing Stats

File Path                                            PID    Runtime      # DAGs    # Errors  Last Runtime    Last Run
---------------------------------------------------  -----  ---------  --------  ----------  --------------  -------------------
/home/flow/MLops_3/airflow/dags/regression_score.py                           1           0  0.85s           2023-11-30T12:50:00
================================================================================
[2023-11-30T17:50:37.332+0500] {manager.py:887} INFO - 
================================================================================
DAG File Processing Stats

File Path                                            PID    Runtime      # DAGs    # Errors  Last Runtime    Last Run
---------------------------------------------------  -----  ---------  --------  ----------  --------------  -------------------
/home/flow/MLops_3/airflow/dags/regression_score.py                           1           0  0.22s           2023-11-30T12:50:37
================================================================================
[2023-11-30T17:55:15.673+0500] {manager.py:487} INFO - Processing files using up to 1 processes at a time 
[2023-11-30T17:55:15.743+0500] {manager.py:488} INFO - Process each file at most once every 30 seconds
[2023-11-30T17:55:15.743+0500] {manager.py:489} INFO - Checking for new files in /home/flow/MLops_3/airflow/dags every 300 seconds
[2023-11-30T17:55:15.744+0500] {manager.py:755} INFO - Searching for files in /home/flow/MLops_3/airflow/dags
[2023-11-30T17:55:15.804+0500] {manager.py:758} INFO - There are 1 files in /home/flow/MLops_3/airflow/dags
[2023-11-30T17:55:17.369+0500] {manager.py:887} INFO - 
================================================================================
DAG File Processing Stats

File Path                                            PID    Runtime      # DAGs    # Errors  Last Runtime    Last Run
---------------------------------------------------  -----  ---------  --------  ----------  --------------  -------------------
/home/flow/MLops_3/airflow/dags/regression_score.py                           1           0  1.22s           2023-11-30T12:55:17
================================================================================
[2023-11-30T17:57:08.162+0500] {manager.py:469} INFO - Exiting gracefully upon receiving signal 15
[2023-11-30T17:57:14.286+0500] {manager.py:487} INFO - Processing files using up to 1 processes at a time 
[2023-11-30T17:57:14.286+0500] {manager.py:488} INFO - Process each file at most once every 30 seconds
[2023-11-30T17:57:14.286+0500] {manager.py:489} INFO - Checking for new files in /home/flow/MLops_3/airflow/dags every 300 seconds
[2023-11-30T17:57:14.287+0500] {manager.py:755} INFO - Searching for files in /home/flow/MLops_3/airflow/dags
[2023-11-30T17:57:14.383+0500] {manager.py:758} INFO - There are 1 files in /home/flow/MLops_3/airflow/dags
[2023-11-30T17:57:17.598+0500] {manager.py:887} INFO - 
================================================================================
DAG File Processing Stats

File Path                                            PID    Runtime      # DAGs    # Errors  Last Runtime    Last Run
---------------------------------------------------  -----  ---------  --------  ----------  --------------  -------------------
/home/flow/MLops_3/airflow/dags/regression_score.py                           1           0  2.67s           2023-11-30T12:57:17
================================================================================
[2023-11-30T17:57:50.967+0500] {manager.py:887} INFO - 
================================================================================
DAG File Processing Stats

File Path                                            PID    Runtime      # DAGs    # Errors  Last Runtime    Last Run
---------------------------------------------------  -----  ---------  --------  ----------  --------------  -------------------
/home/flow/MLops_3/airflow/dags/regression_score.py                           1           0  3.24s           2023-11-30T12:57:50
================================================================================
[2023-11-30T17:58:23.213+0500] {manager.py:887} INFO - 
================================================================================
DAG File Processing Stats

File Path                                            PID    Runtime      # DAGs    # Errors  Last Runtime    Last Run
---------------------------------------------------  -----  ---------  --------  ----------  --------------  -------------------
/home/flow/MLops_3/airflow/dags/regression_score.py                           1           0  1.26s           2023-11-30T12:58:23
================================================================================
[2023-11-30T17:58:54.151+0500] {manager.py:887} INFO - 
================================================================================
DAG File Processing Stats

File Path                                            PID    Runtime      # DAGs    # Errors  Last Runtime    Last Run
---------------------------------------------------  -----  ---------  --------  ----------  --------------  -------------------
/home/flow/MLops_3/airflow/dags/regression_score.py                           1           0  0.42s           2023-11-30T12:58:54
================================================================================
[2023-11-30T17:59:28.957+0500] {manager.py:887} INFO - 
================================================================================
DAG File Processing Stats

File Path                                            PID    Runtime      # DAGs    # Errors  Last Runtime    Last Run
---------------------------------------------------  -----  ---------  --------  ----------  --------------  -------------------
/home/flow/MLops_3/airflow/dags/regression_score.py                           1           0  3.90s           2023-11-30T12:59:28
================================================================================
[2023-11-30T18:00:04.495+0500] {manager.py:887} INFO - 
================================================================================
DAG File Processing Stats

File Path                                            PID    Runtime      # DAGs    # Errors  Last Runtime    Last Run
---------------------------------------------------  -----  ---------  --------  ----------  --------------  -------------------
/home/flow/MLops_3/airflow/dags/regression_score.py                           1           0  0.52s           2023-11-30T13:00:04
================================================================================
[2023-11-30T18:02:04.583+0500] {manager.py:469} INFO - Exiting gracefully upon receiving signal 15
[2023-11-30T18:02:10.198+0500] {manager.py:487} INFO - Processing files using up to 1 processes at a time 
[2023-11-30T18:02:10.199+0500] {manager.py:488} INFO - Process each file at most once every 30 seconds
[2023-11-30T18:02:10.199+0500] {manager.py:489} INFO - Checking for new files in /home/flow/MLops_3/airflow/dags every 300 seconds
[2023-11-30T18:02:10.210+0500] {manager.py:755} INFO - Searching for files in /home/flow/MLops_3/airflow/dags
[2023-11-30T18:02:10.253+0500] {manager.py:758} INFO - There are 1 files in /home/flow/MLops_3/airflow/dags
[2023-11-30T18:02:11.272+0500] {manager.py:887} INFO - 
================================================================================
DAG File Processing Stats

File Path                                            PID    Runtime      # DAGs    # Errors  Last Runtime    Last Run
---------------------------------------------------  -----  ---------  --------  ----------  --------------  -------------------
/home/flow/MLops_3/airflow/dags/regression_score.py                           1           0  0.64s           2023-11-30T13:02:11
================================================================================
[2023-11-30T18:02:47.317+0500] {manager.py:887} INFO - 
================================================================================
DAG File Processing Stats

File Path                                            PID    Runtime      # DAGs    # Errors  Last Runtime    Last Run
---------------------------------------------------  -----  ---------  --------  ----------  --------------  -------------------
/home/flow/MLops_3/airflow/dags/regression_score.py                           1           0  1.97s           2023-11-30T13:02:47
================================================================================
[2023-11-30T18:03:17.654+0500] {manager.py:887} INFO - 
================================================================================
DAG File Processing Stats

File Path                                            PID    Runtime      # DAGs    # Errors  Last Runtime    Last Run
---------------------------------------------------  -----  ---------  --------  ----------  --------------  -------------------
/home/flow/MLops_3/airflow/dags/regression_score.py                           1           0  0.24s           2023-11-30T13:03:17
================================================================================
[2023-11-30T18:03:48.471+0500] {manager.py:887} INFO - 
================================================================================
DAG File Processing Stats

File Path                                            PID    Runtime      # DAGs    # Errors  Last Runtime    Last Run
---------------------------------------------------  -----  ---------  --------  ----------  --------------  -------------------
/home/flow/MLops_3/airflow/dags/regression_score.py                           1           0  0.58s           2023-11-30T13:03:48
================================================================================
[2023-11-30T18:04:19.087+0500] {manager.py:887} INFO - 
================================================================================
DAG File Processing Stats

File Path                                            PID    Runtime      # DAGs    # Errors  Last Runtime    Last Run
---------------------------------------------------  -----  ---------  --------  ----------  --------------  -------------------
/home/flow/MLops_3/airflow/dags/regression_score.py                           1           0  0.57s           2023-11-30T13:04:19
================================================================================
[2023-11-30T18:04:50.102+0500] {manager.py:887} INFO - 
================================================================================
DAG File Processing Stats

File Path                                            PID    Runtime      # DAGs    # Errors  Last Runtime    Last Run
---------------------------------------------------  -----  ---------  --------  ----------  --------------  -------------------
/home/flow/MLops_3/airflow/dags/regression_score.py                           1           0  0.32s           2023-11-30T13:04:50
================================================================================
[2023-11-30T18:05:20.914+0500] {manager.py:887} INFO - 
================================================================================
DAG File Processing Stats

File Path                                            PID    Runtime      # DAGs    # Errors  Last Runtime    Last Run
---------------------------------------------------  -----  ---------  --------  ----------  --------------  -------------------
/home/flow/MLops_3/airflow/dags/regression_score.py                           1           0  0.21s           2023-11-30T13:05:20
================================================================================
[2023-11-30T18:05:51.432+0500] {manager.py:887} INFO - 
================================================================================
DAG File Processing Stats

File Path                                            PID    Runtime      # DAGs    # Errors  Last Runtime    Last Run
---------------------------------------------------  -----  ---------  --------  ----------  --------------  -------------------
/home/flow/MLops_3/airflow/dags/regression_score.py                           1           0  0.22s           2023-11-30T13:05:51
================================================================================
[2023-11-30T18:07:01.594+0500] {manager.py:887} INFO - 
================================================================================
DAG File Processing Stats

File Path                                            PID    Runtime      # DAGs    # Errors  Last Runtime    Last Run
---------------------------------------------------  -----  ---------  --------  ----------  --------------  -------------------
/home/flow/MLops_3/airflow/dags/regression_score.py                           1           0  0.58s           2023-11-30T13:07:01
================================================================================
[2023-11-30T18:07:10.748+0500] {manager.py:755} INFO - Searching for files in /home/flow/MLops_3/airflow/dags
[2023-11-30T18:07:10.773+0500] {manager.py:758} INFO - There are 1 files in /home/flow/MLops_3/airflow/dags
[2023-11-30T18:10:03.955+0500] {manager.py:469} INFO - Exiting gracefully upon receiving signal 15
[2023-11-30T18:10:07.320+0500] {manager.py:487} INFO - Processing files using up to 1 processes at a time 
[2023-11-30T18:10:07.322+0500] {manager.py:488} INFO - Process each file at most once every 30 seconds
[2023-11-30T18:10:07.322+0500] {manager.py:489} INFO - Checking for new files in /home/flow/MLops_3/airflow/dags every 300 seconds
[2023-11-30T18:10:07.323+0500] {manager.py:755} INFO - Searching for files in /home/flow/MLops_3/airflow/dags
[2023-11-30T18:10:07.339+0500] {manager.py:758} INFO - There are 1 files in /home/flow/MLops_3/airflow/dags
[2023-11-30T18:10:08.220+0500] {manager.py:887} INFO - 
================================================================================
DAG File Processing Stats

File Path                                            PID    Runtime      # DAGs    # Errors  Last Runtime    Last Run
---------------------------------------------------  -----  ---------  --------  ----------  --------------  -------------------
/home/flow/MLops_3/airflow/dags/regression_score.py                           1           0  0.62s           2023-11-30T13:10:08
================================================================================
[2023-11-30T18:10:40.132+0500] {manager.py:887} INFO - 
================================================================================
DAG File Processing Stats

File Path                                            PID    Runtime      # DAGs    # Errors  Last Runtime    Last Run
---------------------------------------------------  -----  ---------  --------  ----------  --------------  -------------------
/home/flow/MLops_3/airflow/dags/regression_score.py                           1           0  0.85s           2023-11-30T13:10:40
================================================================================
[2023-11-30T18:11:10.678+0500] {manager.py:887} INFO - 
================================================================================
DAG File Processing Stats

File Path                                            PID    Runtime      # DAGs    # Errors  Last Runtime    Last Run
---------------------------------------------------  -----  ---------  --------  ----------  --------------  -------------------
/home/flow/MLops_3/airflow/dags/regression_score.py                           1           0  0.21s           2023-11-30T13:11:10
================================================================================
[2023-11-30T18:12:08.554+0500] {manager.py:887} INFO - 
================================================================================
DAG File Processing Stats

File Path                                            PID    Runtime      # DAGs    # Errors  Last Runtime    Last Run
---------------------------------------------------  -----  ---------  --------  ----------  --------------  -------------------
/home/flow/MLops_3/airflow/dags/regression_score.py                           1           0  0.63s           2023-11-30T13:12:08
================================================================================
[2023-11-30T18:12:42.121+0500] {manager.py:887} INFO - 
================================================================================
DAG File Processing Stats

File Path                                            PID    Runtime      # DAGs    # Errors  Last Runtime    Last Run
---------------------------------------------------  -----  ---------  --------  ----------  --------------  -------------------
/home/flow/MLops_3/airflow/dags/regression_score.py                           1           0  0.32s           2023-11-30T13:12:42
================================================================================
[2023-11-30T18:18:02.770+0500] {manager.py:487} INFO - Processing files using up to 1 processes at a time 
[2023-11-30T18:18:02.784+0500] {manager.py:488} INFO - Process each file at most once every 30 seconds
[2023-11-30T18:18:02.784+0500] {manager.py:489} INFO - Checking for new files in /home/flow/MLops_3/airflow/dags every 300 seconds
[2023-11-30T18:18:02.785+0500] {manager.py:755} INFO - Searching for files in /home/flow/MLops_3/airflow/dags
[2023-11-30T18:18:02.804+0500] {manager.py:758} INFO - There are 1 files in /home/flow/MLops_3/airflow/dags
[2023-11-30T18:18:03.427+0500] {manager.py:887} INFO - 
================================================================================
DAG File Processing Stats

File Path                                            PID    Runtime      # DAGs    # Errors  Last Runtime    Last Run
---------------------------------------------------  -----  ---------  --------  ----------  --------------  -------------------
/home/flow/MLops_3/airflow/dags/regression_score.py                           1           0  0.32s           2023-11-30T13:18:03
================================================================================
[2023-11-30T18:18:56.892+0500] {manager.py:469} INFO - Exiting gracefully upon receiving signal 15
[2023-11-30T18:18:57.973+0500] {manager.py:487} INFO - Processing files using up to 1 processes at a time 
[2023-11-30T18:18:57.974+0500] {manager.py:488} INFO - Process each file at most once every 30 seconds
[2023-11-30T18:18:57.974+0500] {manager.py:489} INFO - Checking for new files in /home/flow/MLops_3/airflow/dags every 300 seconds
[2023-11-30T18:18:57.974+0500] {manager.py:755} INFO - Searching for files in /home/flow/MLops_3/airflow/dags
[2023-11-30T18:18:57.985+0500] {manager.py:758} INFO - There are 1 files in /home/flow/MLops_3/airflow/dags
[2023-11-30T18:18:58.282+0500] {manager.py:887} INFO - 
================================================================================
DAG File Processing Stats

File Path                                            PID    Runtime      # DAGs    # Errors  Last Runtime    Last Run
---------------------------------------------------  -----  ---------  --------  ----------  --------------  -------------------
/home/flow/MLops_3/airflow/dags/regression_score.py                           1           0  0.22s           2023-11-30T13:18:58
================================================================================
[2023-11-30T18:19:28.644+0500] {manager.py:887} INFO - 
================================================================================
DAG File Processing Stats

File Path                                            PID    Runtime      # DAGs    # Errors  Last Runtime    Last Run
---------------------------------------------------  -----  ---------  --------  ----------  --------------  -------------------
/home/flow/MLops_3/airflow/dags/regression_score.py                           1           0  0.22s           2023-11-30T13:19:28
================================================================================
[2023-11-30T18:20:00.247+0500] {manager.py:887} INFO - 
================================================================================
DAG File Processing Stats

File Path                                            PID    Runtime      # DAGs    # Errors  Last Runtime    Last Run
---------------------------------------------------  -----  ---------  --------  ----------  --------------  -------------------
/home/flow/MLops_3/airflow/dags/regression_score.py                           1           0  0.77s           2023-11-30T13:20:00
================================================================================
[2023-11-30T18:20:31.472+0500] {manager.py:887} INFO - 
================================================================================
DAG File Processing Stats

File Path                                            PID    Runtime      # DAGs    # Errors  Last Runtime    Last Run
---------------------------------------------------  -----  ---------  --------  ----------  --------------  -------------------
/home/flow/MLops_3/airflow/dags/regression_score.py                           1           0  0.43s           2023-11-30T13:20:31
================================================================================
[2023-11-30T18:21:02.751+0500] {manager.py:887} INFO - 
================================================================================
DAG File Processing Stats

File Path                                            PID    Runtime      # DAGs    # Errors  Last Runtime    Last Run
---------------------------------------------------  -----  ---------  --------  ----------  --------------  -------------------
/home/flow/MLops_3/airflow/dags/regression_score.py                           1           0  0.45s           2023-11-30T13:21:02
================================================================================
[2023-11-30T18:21:33.188+0500] {manager.py:887} INFO - 
================================================================================
DAG File Processing Stats

File Path                                            PID    Runtime      # DAGs    # Errors  Last Runtime    Last Run
---------------------------------------------------  -----  ---------  --------  ----------  --------------  -------------------
/home/flow/MLops_3/airflow/dags/regression_score.py                           1           0  0.22s           2023-11-30T13:21:33
================================================================================
[2023-11-30T18:22:05.664+0500] {manager.py:887} INFO - 
================================================================================
DAG File Processing Stats

File Path                                            PID    Runtime      # DAGs    # Errors  Last Runtime    Last Run
---------------------------------------------------  -----  ---------  --------  ----------  --------------  -------------------
/home/flow/MLops_3/airflow/dags/regression_score.py                           1           0  2.22s           2023-11-30T13:22:05
================================================================================
[2023-11-30T18:22:37.656+0500] {manager.py:887} INFO - 
================================================================================
DAG File Processing Stats

File Path                                            PID    Runtime      # DAGs    # Errors  Last Runtime    Last Run
---------------------------------------------------  -----  ---------  --------  ----------  --------------  -------------------
/home/flow/MLops_3/airflow/dags/regression_score.py                           1           0  1.38s           2023-11-30T13:22:37
================================================================================
[2023-11-30T18:23:08.484+0500] {manager.py:887} INFO - 
================================================================================
DAG File Processing Stats

File Path                                            PID    Runtime      # DAGs    # Errors  Last Runtime    Last Run
---------------------------------------------------  -----  ---------  --------  ----------  --------------  -------------------
/home/flow/MLops_3/airflow/dags/regression_score.py                           1           0  0.22s           2023-11-30T13:23:08
================================================================================
[2023-11-30T18:23:28.518+0500] {manager.py:469} INFO - Exiting gracefully upon receiving signal 15
